  main.cpp
M:\FTN\IV godina\RG\Projekat\Projekat\main.cpp(187,9): warning C4305: 'initializing': truncation from 'double' to 'float'
M:\FTN\IV godina\RG\Projekat\Projekat\main.cpp(187,16): warning C4305: 'initializing': truncation from 'double' to 'float'
M:\FTN\IV godina\RG\Projekat\Projekat\main.cpp(188,9): warning C4305: 'initializing': truncation from 'double' to 'float'
M:\FTN\IV godina\RG\Projekat\Projekat\main.cpp(188,16): warning C4305: 'initializing': truncation from 'double' to 'float'
M:\FTN\IV godina\RG\Projekat\Projekat\main.cpp(189,9): warning C4305: 'initializing': truncation from 'double' to 'float'
M:\FTN\IV godina\RG\Projekat\Projekat\main.cpp(189,14): warning C4305: 'initializing': truncation from 'double' to 'float'
M:\FTN\IV godina\RG\Projekat\Projekat\main.cpp(190,9): warning C4305: 'initializing': truncation from 'double' to 'float'
M:\FTN\IV godina\RG\Projekat\Projekat\main.cpp(190,14): warning C4305: 'initializing': truncation from 'double' to 'float'
M:\FTN\IV godina\RG\Projekat\Projekat\main.cpp(204,13): warning C4305: 'initializing': truncation from 'double' to 'float'
M:\FTN\IV godina\RG\Projekat\Projekat\main.cpp(206,17): warning C4305: '=': truncation from 'double' to 'float'
M:\FTN\IV godina\RG\Projekat\Projekat\main.cpp(207,17): warning C4305: '=': truncation from 'double' to 'float'
M:\FTN\IV godina\RG\Projekat\Projekat\main.cpp(212,74): warning C4244: '=': conversion from 'double' to 'float', possible loss of data
M:\FTN\IV godina\RG\Projekat\Projekat\main.cpp(213,78): warning C4244: '=': conversion from 'double' to 'float', possible loss of data
M:\FTN\IV godina\RG\Projekat\Projekat\main.cpp(218,9): warning C4305: 'initializing': truncation from 'double' to 'float'
M:\FTN\IV godina\RG\Projekat\Projekat\main.cpp(218,14): warning C4305: 'initializing': truncation from 'double' to 'float'
M:\FTN\IV godina\RG\Projekat\Projekat\main.cpp(219,9): warning C4305: 'initializing': truncation from 'double' to 'float'
M:\FTN\IV godina\RG\Projekat\Projekat\main.cpp(219,14): warning C4305: 'initializing': truncation from 'double' to 'float'
M:\FTN\IV godina\RG\Projekat\Projekat\main.cpp(220,9): warning C4305: 'initializing': truncation from 'double' to 'float'
M:\FTN\IV godina\RG\Projekat\Projekat\main.cpp(220,15): warning C4305: 'initializing': truncation from 'double' to 'float'
M:\FTN\IV godina\RG\Projekat\Projekat\main.cpp(221,9): warning C4305: 'initializing': truncation from 'double' to 'float'
M:\FTN\IV godina\RG\Projekat\Projekat\main.cpp(221,15): warning C4305: 'initializing': truncation from 'double' to 'float'
M:\FTN\IV godina\RG\Projekat\Projekat\main.cpp(227,9): warning C4305: 'initializing': truncation from 'double' to 'float'
M:\FTN\IV godina\RG\Projekat\Projekat\main.cpp(227,15): warning C4305: 'initializing': truncation from 'double' to 'float'
M:\FTN\IV godina\RG\Projekat\Projekat\main.cpp(228,9): warning C4305: 'initializing': truncation from 'double' to 'float'
M:\FTN\IV godina\RG\Projekat\Projekat\main.cpp(228,15): warning C4305: 'initializing': truncation from 'double' to 'float'
M:\FTN\IV godina\RG\Projekat\Projekat\main.cpp(229,9): warning C4305: 'initializing': truncation from 'double' to 'float'
M:\FTN\IV godina\RG\Projekat\Projekat\main.cpp(229,15): warning C4305: 'initializing': truncation from 'double' to 'float'
M:\FTN\IV godina\RG\Projekat\Projekat\main.cpp(230,9): warning C4305: 'initializing': truncation from 'double' to 'float'
M:\FTN\IV godina\RG\Projekat\Projekat\main.cpp(230,15): warning C4305: 'initializing': truncation from 'double' to 'float'
M:\FTN\IV godina\RG\Projekat\Projekat\main.cpp(236,9): warning C4305: 'initializing': truncation from 'double' to 'float'
M:\FTN\IV godina\RG\Projekat\Projekat\main.cpp(236,15): warning C4305: 'initializing': truncation from 'double' to 'float'
M:\FTN\IV godina\RG\Projekat\Projekat\main.cpp(237,9): warning C4305: 'initializing': truncation from 'double' to 'float'
M:\FTN\IV godina\RG\Projekat\Projekat\main.cpp(237,15): warning C4305: 'initializing': truncation from 'double' to 'float'
M:\FTN\IV godina\RG\Projekat\Projekat\main.cpp(238,9): warning C4305: 'initializing': truncation from 'double' to 'float'
M:\FTN\IV godina\RG\Projekat\Projekat\main.cpp(238,15): warning C4305: 'initializing': truncation from 'double' to 'float'
M:\FTN\IV godina\RG\Projekat\Projekat\main.cpp(239,9): warning C4305: 'initializing': truncation from 'double' to 'float'
M:\FTN\IV godina\RG\Projekat\Projekat\main.cpp(239,15): warning C4305: 'initializing': truncation from 'double' to 'float'
M:\FTN\IV godina\RG\Projekat\Projekat\main.cpp(244,14): warning C4305: 'initializing': truncation from 'double' to 'float'
M:\FTN\IV godina\RG\Projekat\Projekat\main.cpp(246,20): warning C4305: '=': truncation from 'double' to 'float'
M:\FTN\IV godina\RG\Projekat\Projekat\main.cpp(247,20): warning C4305: '=': truncation from 'double' to 'float'
M:\FTN\IV godina\RG\Projekat\Projekat\main.cpp(251,78): warning C4244: '=': conversion from 'double' to 'float', possible loss of data
M:\FTN\IV godina\RG\Projekat\Projekat\main.cpp(252,82): warning C4244: '=': conversion from 'double' to 'float', possible loss of data
M:\FTN\IV godina\RG\Projekat\Projekat\main.cpp(259,9): warning C4305: 'initializing': truncation from 'double' to 'float'
M:\FTN\IV godina\RG\Projekat\Projekat\main.cpp(259,15): warning C4305: 'initializing': truncation from 'double' to 'float'
M:\FTN\IV godina\RG\Projekat\Projekat\main.cpp(260,9): warning C4305: 'initializing': truncation from 'double' to 'float'
M:\FTN\IV godina\RG\Projekat\Projekat\main.cpp(261,9): warning C4305: 'initializing': truncation from 'double' to 'float'
M:\FTN\IV godina\RG\Projekat\Projekat\main.cpp(261,15): warning C4305: 'initializing': truncation from 'double' to 'float'
M:\FTN\IV godina\RG\Projekat\Projekat\main.cpp(262,9): warning C4305: 'initializing': truncation from 'double' to 'float'
M:\FTN\IV godina\RG\Projekat\Projekat\main.cpp(268,22): warning C4305: 'initializing': truncation from 'double' to 'float'
M:\FTN\IV godina\RG\Projekat\Projekat\main.cpp(268,27): warning C4305: 'initializing': truncation from 'double' to 'float'
M:\FTN\IV godina\RG\Projekat\Projekat\main.cpp(269,24): warning C4305: 'initializing': truncation from 'double' to 'float'
M:\FTN\IV godina\RG\Projekat\Projekat\main.cpp(270,24): warning C4305: 'initializing': truncation from 'double' to 'float'
M:\FTN\IV godina\RG\Projekat\Projekat\main.cpp(270,29): warning C4305: 'initializing': truncation from 'double' to 'float'
M:\FTN\IV godina\RG\Projekat\Projekat\main.cpp(271,24): warning C4305: 'initializing': truncation from 'double' to 'float'
M:\FTN\IV godina\RG\Projekat\Projekat\main.cpp(466,17): warning C4305: '=': truncation from 'double' to 'float'
M:\FTN\IV godina\RG\Projekat\Projekat\main.cpp(475,19): warning C4244: 'initializing': conversion from 'double' to 'int', possible loss of data
M:\FTN\IV godina\RG\Projekat\Projekat\main.cpp(521,25): warning C4244: 'initializing': conversion from 'double' to 'float', possible loss of data
M:\FTN\IV godina\RG\Projekat\Projekat\main.cpp(665,26): warning C4244: 'initializing': conversion from 'double' to 'float', possible loss of data
  Sablon.vcxproj -> M:\FTN\IV godina\RG\Projekat\Projekat\x64\Debug\Sablon.exe
